tests  |   ✓   1 [chrome] › src/tests/admin/analytics-settings.spec.ts › Analytics settings › caso 1 (4.3s)
tests  |   ✓   2 [chrome] › src/tests/admin/api.spec.ts › Api › caso 1 (4.2s)
tests  |   ✓   3 [chrome] › src/tests/admin/audit-log.spec.ts › Audit log › caso 3 (3.9s)
tests  |   ✓   4 [chrome] › src/tests/admin/audit-log.spec.ts › Audit log › caso 4 (4.8s)
tests  |   ✓   5 [chrome] › src/tests/admin/business-unit-permissions-bulk.spec.ts › Business unit permissions bulk › caso 13 (16.1s)
tests  |   ✓   6 [chrome] › src/tests/admin/business-unit-permissions-bulk.spec.ts › Business unit permissions bulk › caso 14 (10.4s)
tests  |   ✓   7 [chrome] › src/tests/admin/business-unit-permissions-bulk.spec.ts › Business unit permissions bulk › caso 15 (11.1s)
tests  |   ✓   8 [chrome] › src/tests/admin/business-unit-permissions-bulk.spec.ts › Business unit permissions bulk › caso 16 (22.2s)
tests  |   ✓   9 [chrome] › src/tests/admin/business-unit-permissions-bulk.spec.ts › Business unit permissions bulk › caso 17 (17.2s)
tests  |   ✓  10 [chrome] › src/tests/admin/business-unit.spec.ts › Business unit › caso 6 (4.3s)
tests  |   ✓  11 [chrome] › src/tests/admin/business-unit.spec.ts › Business unit › caso 7 (7.2s)
tests  |   ✓  12 [chrome] › src/tests/admin/business-unit.spec.ts › Business unit › caso 8 (4.0s)
tests  |   ✓  13 [chrome] › src/tests/admin/business-unit.spec.ts › Business unit › caso 9 (7.3s)
tests  |   ✓  14 [chrome] › src/tests/admin/business-unit.spec.ts › Business unit › caso 10 (3.9s)
tests  |   ✓  15 [chrome] › src/tests/admin/business-unit.spec.ts › Business unit › caso 11 (5.4s)
tests  |   ✓  16 [chrome] › src/tests/admin/custom-fields-managements.spec.ts › Custom fields managements › caso 5 (10.8s)
tests  |   ✘  17 [chrome] › src/tests/admin/custom-fields-managements.spec.ts › Custom fields managements › caso 6 (1.7m)
tests  |   ✓  18 [chrome] › src/tests/admin/custom-fields-managements.spec.ts › Custom fields managements › caso 6 (9.6s)
tests  |   ✓  19 [chrome] › src/tests/admin/custom-fields.spec.ts › Custom fields › caso 27 (4.4s)
tests  |   ✓  20 [chrome] › src/tests/admin/custom-fields.spec.ts › Custom fields › caso 28 (4.6s)
tests  |   ✓  21 [chrome] › src/tests/admin/custom-fields.spec.ts › Custom fields › caso 29 (4.3s)
tests  |   ✓  22 [chrome] › src/tests/admin/custom-fields.spec.ts › Custom fields › caso 30 (4.1s)
tests  |   ✓  23 [chrome] › src/tests/admin/custom-fields.spec.ts › Custom fields › caso 31 (5.0s)
tests  |   ✓  24 [chrome] › src/tests/admin/custom-fields.spec.ts › Custom fields › caso 32 (4.5s)
tests  |   ✓  25 [chrome] › src/tests/admin/custom-fields.spec.ts › Custom fields › caso 33 (4.7s)
tests  |   ✓  26 [chrome] › src/tests/admin/custom-fields.spec.ts › Custom fields › caso 34 (4.5s)
tests  |   ✓  27 [chrome] › src/tests/admin/custom-fields.spec.ts › Custom fields › caso 35 (4.2s)
tests  |   ✓  28 [chrome] › src/tests/admin/custom-fields.spec.ts › Custom fields › caso 36 (3.8s)
tests  |   ✓  29 [chrome] › src/tests/admin/custom-fields.spec.ts › Custom fields › caso 37 (3.8s)
tests  |   ✓  30 [chrome] › src/tests/admin/custom-fields.spec.ts › Custom fields › caso 38 (4.0s)
tests  |   ✓  31 [chrome] › src/tests/admin/custom-fields.spec.ts › Custom fields › caso 39 (4.2s)
tests  |   ✓  32 [chrome] › src/tests/admin/custom-fields.spec.ts › Custom fields › caso 40 (7.5s)
tests  |   ✓  33 [chrome] › src/tests/admin/email.spec.ts › Email › caso 1 (3.8s)
tests  |   ✓  34 [chrome] › src/tests/admin/features.spec.ts › Features › caso 1 (4.3s)
tests  |   ✓  35 [chrome] › src/tests/admin/header.spec.ts › Header › caso 1 (3.1s)
tests  |   -  36 [chrome] › src/tests/admin/issue-trackers-profiles-empty.spec.ts › Issue trackers profiles empty › caso 1
tests  |   ✓  37 [chrome] › src/tests/admin/issue-trackers-profiles.spec.ts › Issue trackers profiles › caso 8 (4.0s)
tests  |   ✓  38 [chrome] › src/tests/admin/issue-trackers-profiles.spec.ts › Issue trackers profiles › caso 9 (4.7s)
tests  |   ✓  39 [chrome] › src/tests/admin/issue-trackers-profiles.spec.ts › Issue trackers profiles › caso 10 (4.2s)
tests  |   ✓  40 [chrome] › src/tests/admin/issue-trackers-profiles.spec.ts › Issue trackers profiles › caso 11 (29.5s)
tests  |   ✘  41 [chrome] › src/tests/admin/issue-trackers-profiles.spec.ts › Issue trackers profiles › caso 12 (1.7m)
tests  |   ✓  42 [chrome] › src/tests/admin/issue-trackers-profiles.spec.ts › Issue trackers profiles › caso 12 (23.6s)
tests  |   ✓  43 [chrome] › src/tests/admin/license.spec.ts › License › caso 1 (4.0s)
tests  |   ✓  44 [chrome] › src/tests/admin/login.spec.ts › Login › caso 3 (2.6s)
tests  |   ✘  45 [chrome] › src/tests/admin/login.spec.ts › Login › caso 4 (1.7m)
tests  |   ✓  46 [chrome] › src/tests/admin/login.spec.ts › Login › caso 4 (2.7s)
tests  |   ✓  47 [chrome] › src/tests/admin/redirection.spec.ts › Redirection › caso 1 (4.2s)
tests  |   ✓  48 [chrome] › src/tests/admin/redirection.spec.ts › Redirection › caso 2 (4.1s)
tests  |   ✓  49 [chrome] › src/tests/admin/redirection.spec.ts › Redirection › caso 3 (4.2s)
tests  |   ✓  50 [chrome] › src/tests/admin/redirection.spec.ts › Redirection › caso 4 (4.1s)
tests  |   ✓  51 [chrome] › src/tests/admin/redirection.spec.ts › Redirection › caso 5 (5.1s)
tests  |   ✓  52 [chrome] › src/tests/admin/redirection.spec.ts › Redirection › caso 6 (4.9s)
tests  |   ✓  53 [chrome] › src/tests/admin/redirection.spec.ts › Redirection › caso 7 (5.0s)
tests  |   ✓  54 [chrome] › src/tests/admin/redirection.spec.ts › Redirection › caso 8 (4.8s)
tests  |   -  55 [chrome] › src/tests/admin/redirection.spec.ts › Redirection › caso 9
tests  |   -  56 [chrome] › src/tests/admin/redirection.spec.ts › Redirection › caso 10
tests  |   -  57 [chrome] › src/tests/admin/redirection.spec.ts › Redirection › caso 11
tests  |   -  58 [chrome] › src/tests/admin/redirection.spec.ts › Redirection › caso 12
tests  |   -  59 [chrome] › src/tests/admin/redirection.spec.ts › Redirection › caso 13
tests  |   -  60 [chrome] › src/tests/admin/redirection.spec.ts › Redirection › caso 14
tests  |   ✓  61 [chrome] › src/tests/admin/redirection.spec.ts › Redirection › caso 15 (5.4s)
tests  |   ✓  62 [chrome] › src/tests/admin/redirection.spec.ts › Redirection › caso 16 (5.5s)
tests  |   ✓  63 [chrome] › src/tests/admin/redirection.spec.ts › Redirection › caso 17 (5.4s)
tests  |   ✓  64 [chrome] › src/tests/admin/redirection.spec.ts › Redirection › caso 18 (5.5s)
tests  |   ✓  65 [chrome] › src/tests/admin/redirection.spec.ts › Redirection › caso 19 (5.4s)
tests  |   ✓  66 [chrome] › src/tests/admin/redirection.spec.ts › Redirection › caso 20 (5.4s)
tests  |   -  67 [chrome] › src/tests/admin/role.spec.ts › Role › caso 2
tests  |   ✓  68 [chrome] › src/tests/admin/role.spec.ts › Role › caso 3 (14.1s)
tests  |   ✓  69 [chrome] › src/tests/admin/role.spec.ts › Role › caso 4 (4.8s)
tests  |   ✓  70 [chrome] › src/tests/admin/support.spec.ts › Support › caso 1 (4.0s)
tests  |   ✓  71 [chrome] › src/tests/admin/user-interface.spec.ts › User interface › caso 1 (3.9s)
tests  |   ✓  72 [chrome] › src/tests/admin/user-profile.spec.ts › User profile › caso 6 (3.2s)
tests  |   ✓  73 [chrome] › src/tests/admin/user-profile.spec.ts › User profile › caso 7 (3.3s)
tests  |   ✓  74 [chrome] › src/tests/admin/user-profile.spec.ts › User profile › caso 8 (3.7s)
tests  |   ✓  75 [chrome] › src/tests/admin/user-profile.spec.ts › User profile › caso 9 (4.1s)
tests  |   -  76 [chrome] › src/tests/admin/user-profile.spec.ts › User profile › caso 10
tests  |   ✘  77 [chrome] › src/tests/admin/user-profile.spec.ts › User profile › caso 11 (2.4s)
tests  |   ✓  78 [chrome] › src/tests/admin/user-profile.spec.ts › User profile › caso 11 (5.4s)
tests  |   ✓  79 [chrome] › src/tests/admin/user-profile.spec.ts › User profile › caso 12 (3.8s)
tests  |   ✓  80 [chrome] › src/tests/admin/user.spec.ts › User › caso 8 (8.7s)
tests  |   ✓  81 [chrome] › src/tests/admin/user.spec.ts › User › caso 9 (8.6s)
tests  |   ✓  82 [chrome] › src/tests/admin/user.spec.ts › User › caso 10 (12.9s)
tests  |   ✓  83 [chrome] › src/tests/admin/user.spec.ts › User › caso 11 (4.7s)
tests  |   ✓  84 [chrome] › src/tests/admin/user.spec.ts › User › caso 12 (8.8s)
tests  |   ✓  85 [chrome] › src/tests/admin/user.spec.ts › User › caso 13 (1.2m)
tests  |   ✘  86 [chrome] › src/tests/admin/user.spec.ts › User › caso 14 (1.7m)
tests  |   ✓  87 [chrome] › src/tests/admin/user.spec.ts › User › caso 14 (3.9s)
tests  |   ✓  88 [chrome] › src/tests/admin/user.spec.ts › User › caso 15 (4.3s)
tests  |   ✓  89 [chrome] › src/tests/admin/user.spec.ts › User › caso 16 (5.2s)
tests  |   ✓  90 [chrome] › src/tests/admin/workflow-state.spec.ts › Workflow state › caso 4 (31.9s)
tests  |   ✓  91 [chrome] › src/tests/admin/workflow-state.spec.ts › Workflow state › caso 5 (28.5s)
tests  |   ✓  92 [chrome] › src/tests/admin/workflow-state.spec.ts › Workflow state › caso 6 (4.7s)
