tests  |   ✓   1 [chrome] › src/tests/admin/audit-log.spec.ts › Audit log › caso 1 (6.9s)
tests  |   ✓   2 [chrome] › src/tests/admin/audit-log.spec.ts › Audit log › caso 2 (13.1s)
tests  |   ✓   3 [chrome] › src/tests/admin/business-unit-permissions-bulk.spec.ts › Business unit permissions bulk › caso 1 (11.5s)
tests  |   ✓   4 [chrome] › src/tests/admin/business-unit-permissions-bulk.spec.ts › Business unit permissions bulk › caso 2 (11.7s)
tests  |   ✓   5 [chrome] › src/tests/admin/business-unit-permissions-bulk.spec.ts › Business unit permissions bulk › caso 3 (10.5s)
tests  |   ✓   6 [chrome] › src/tests/admin/business-unit-permissions-bulk.spec.ts › Business unit permissions bulk › caso 4 (17.0s)
tests  |   ✓   7 [chrome] › src/tests/admin/business-unit-permissions-bulk.spec.ts › Business unit permissions bulk › caso 5 (17.4s)
tests  |   ✓   8 [chrome] › src/tests/admin/business-unit-permissions-bulk.spec.ts › Business unit permissions bulk › caso 6 (16.9s)
tests  |   ✓   9 [chrome] › src/tests/admin/business-unit-permissions-bulk.spec.ts › Business unit permissions bulk › caso 7 (15.0s)
tests  |   ✓  10 [chrome] › src/tests/admin/business-unit-permissions-bulk.spec.ts › Business unit permissions bulk › caso 8 (22.9s)
tests  |   ✓  11 [chrome] › src/tests/admin/business-unit-permissions-bulk.spec.ts › Business unit permissions bulk › caso 9 (11.6s)
tests  |   ✓  12 [chrome] › src/tests/admin/business-unit-permissions-bulk.spec.ts › Business unit permissions bulk › caso 10 (15.7s)
tests  |   ✓  13 [chrome] › src/tests/admin/business-unit-permissions-bulk.spec.ts › Business unit permissions bulk › caso 11 (17.8s)
tests  |   ✓  14 [chrome] › src/tests/admin/business-unit-permissions-bulk.spec.ts › Business unit permissions bulk › caso 12 (17.6s)
tests  |   ✓  15 [chrome] › src/tests/admin/business-unit.spec.ts › Business unit › caso 1 (9.7s)
tests  |   ✓  16 [chrome] › src/tests/admin/business-unit.spec.ts › Business unit › caso 2 (14.3s)
tests  |   ✓  17 [chrome] › src/tests/admin/business-unit.spec.ts › Business unit › caso 3 (4.5s)
tests  |   ✘  18 [chrome] › src/tests/admin/business-unit.spec.ts › Business unit › caso 4 (1.7m)
tests  |   ✓  19 [chrome] › src/tests/admin/business-unit.spec.ts › Business unit › caso 4 (9.5s)
tests  |   ✓  20 [chrome] › src/tests/admin/business-unit.spec.ts › Business unit › caso 5 (3.1s)
tests  |   -  21 [chrome] › src/tests/admin/custom-fields-managements.spec.ts › Custom fields managements › caso 1
tests  |   ✘  22 [chrome] › src/tests/admin/custom-fields-managements.spec.ts › Custom fields managements › caso 2 (1.7m)
tests  |   -  23 [chrome] › src/tests/admin/custom-fields-managements.spec.ts › Custom fields managements › caso 2
tests  |   ✘  24 [chrome] › src/tests/admin/custom-fields-managements.spec.ts › Custom fields managements › caso 3 (1.7m)
tests  |   -  25 [chrome] › src/tests/admin/custom-fields-managements.spec.ts › Custom fields managements › caso 3
tests  |   ✘  26 [chrome] › src/tests/admin/custom-fields-managements.spec.ts › Custom fields managements › caso 4 (1.7m)
tests  |   -  27 [chrome] › src/tests/admin/custom-fields-managements.spec.ts › Custom fields managements › caso 4
tests  |   ✓  28 [chrome] › src/tests/admin/custom-fields.spec.ts › Custom fields › caso 1 (5.0s)
tests  |   ✓  29 [chrome] › src/tests/admin/custom-fields.spec.ts › Custom fields › caso 2 (4.9s)
tests  |   ✓  30 [chrome] › src/tests/admin/custom-fields.spec.ts › Custom fields › caso 3 (4.8s)
tests  |   ✓  31 [chrome] › src/tests/admin/custom-fields.spec.ts › Custom fields › caso 4 (5.0s)
tests  |   ✓  32 [chrome] › src/tests/admin/custom-fields.spec.ts › Custom fields › caso 5 (3.4s)
tests  |   ✓  33 [chrome] › src/tests/admin/custom-fields.spec.ts › Custom fields › caso 6 (4.0s)
tests  |   ✓  34 [chrome] › src/tests/admin/custom-fields.spec.ts › Custom fields › caso 7 (3.8s)
tests  |   ✓  35 [chrome] › src/tests/admin/custom-fields.spec.ts › Custom fields › caso 8 (4.1s)
tests  |   ✓  36 [chrome] › src/tests/admin/custom-fields.spec.ts › Custom fields › caso 9 (3.2s)
tests  |   ✓  37 [chrome] › src/tests/admin/custom-fields.spec.ts › Custom fields › caso 10 (3.5s)
tests  |   ✓  38 [chrome] › src/tests/admin/custom-fields.spec.ts › Custom fields › caso 11 (4.5s)
tests  |   ✓  39 [chrome] › src/tests/admin/custom-fields.spec.ts › Custom fields › caso 12 (3.4s)
tests  |   ✓  40 [chrome] › src/tests/admin/custom-fields.spec.ts › Custom fields › caso 13 (4.4s)
tests  |   -  41 [chrome] › src/tests/admin/custom-fields.spec.ts › Custom fields › caso 14
tests  |   ✓  42 [chrome] › src/tests/admin/custom-fields.spec.ts › Custom fields › caso 15 (4.5s)
tests  |   ✓  43 [chrome] › src/tests/admin/custom-fields.spec.ts › Custom fields › caso 16 (4.1s)
tests  |   ✓  44 [chrome] › src/tests/admin/custom-fields.spec.ts › Custom fields › caso 17 (7.4s)
tests  |   ✓  45 [chrome] › src/tests/admin/custom-fields.spec.ts › Custom fields › caso 18 (7.1s)
tests  |   ✓  46 [chrome] › src/tests/admin/custom-fields.spec.ts › Custom fields › caso 19 (7.2s)
tests  |   ✓  47 [chrome] › src/tests/admin/custom-fields.spec.ts › Custom fields › caso 20 (6.8s)
tests  |   ✓  48 [chrome] › src/tests/admin/custom-fields.spec.ts › Custom fields › caso 21 (3.6s)
tests  |   ✓  49 [chrome] › src/tests/admin/custom-fields.spec.ts › Custom fields › caso 22 (3.7s)
tests  |   ✓  50 [chrome] › src/tests/admin/custom-fields.spec.ts › Custom fields › caso 23 (3.8s)
tests  |   ✓  51 [chrome] › src/tests/admin/custom-fields.spec.ts › Custom fields › caso 24 (3.3s)
tests  |   ✓  52 [chrome] › src/tests/admin/custom-fields.spec.ts › Custom fields › caso 25 (6.7s)
tests  |   ✓  53 [chrome] › src/tests/admin/custom-fields.spec.ts › Custom fields › caso 26 (4.7s)
tests  |   ✓  54 [chrome] › src/tests/admin/issue-trackers-profiles.spec.ts › Issue trackers profiles › caso 1 (14.5s)
tests  |   ✓  55 [chrome] › src/tests/admin/issue-trackers-profiles.spec.ts › Issue trackers profiles › caso 2 (8.5s)
tests  |   -  56 [chrome] › src/tests/admin/issue-trackers-profiles.spec.ts › Issue trackers profiles › caso 3
tests  |   ✓  57 [chrome] › src/tests/admin/issue-trackers-profiles.spec.ts › Issue trackers profiles › caso 4 (5.5s)
tests  |   ✓  58 [chrome] › src/tests/admin/issue-trackers-profiles.spec.ts › Issue trackers profiles › caso 5 (12.1s)
tests  |   ✓  59 [chrome] › src/tests/admin/issue-trackers-profiles.spec.ts › Issue trackers profiles › caso 6 (19.5s)
tests  |   -  60 [chrome] › src/tests/admin/issue-trackers-profiles.spec.ts › Issue trackers profiles › caso 7
tests  |   ✓  61 [chrome] › src/tests/admin/login.spec.ts › Login › caso 1 (2.7s)
tests  |   ✓  62 [chrome] › src/tests/admin/login.spec.ts › Login › caso 2 (2.5s)
tests  |   ✓  63 [chrome] › src/tests/admin/project-ownership.spec.ts › Project ownership › caso 1 (28.1s)
tests  |   ✓  64 [chrome] › src/tests/admin/project-ownership.spec.ts › Project ownership › caso 2 (29.0s)
tests  |   -  65 [chrome] › src/tests/admin/project-ownership.spec.ts › Project ownership › caso 3
tests  |   ✓  66 [chrome] › src/tests/admin/project-ownership.spec.ts › Project ownership › caso 4 (29.2s)
tests  |   ✓  67 [chrome] › src/tests/admin/project-ownership.spec.ts › Project ownership › caso 5 (21.2s)
tests  |   ✓  68 [chrome] › src/tests/admin/project-ownership.spec.ts › Project ownership › caso 6 (22.9s)
tests  |   ✓  69 [chrome] › src/tests/admin/project-ownership.spec.ts › Project ownership › caso 7 (30.3s)
tests  |   ✓  70 [chrome] › src/tests/admin/project-ownership.spec.ts › Project ownership › caso 8 (28.6s)
tests  |   ✓  71 [chrome] › src/tests/admin/project-ownership.spec.ts › Project ownership › caso 9 (28.7s)
tests  |   ✓  72 [chrome] › src/tests/admin/project-ownership.spec.ts › Project ownership › caso 10 (29.2s)
tests  |   ✓  73 [chrome] › src/tests/admin/project-ownership.spec.ts › Project ownership › caso 11 (28.9s)
tests  |   ✓  74 [chrome] › src/tests/admin/project-ownership.spec.ts › Project ownership › caso 12 (23.6s)
tests  |   ✓  75 [chrome] › src/tests/admin/project-ownership.spec.ts › Project ownership › caso 13 (23.4s)
tests  |   ✓  76 [chrome] › src/tests/admin/project-ownership.spec.ts › Project ownership › caso 14 (17.3s)
tests  |   ✓  77 [chrome] › src/tests/admin/role.spec.ts › Role › caso 1 (6.1s)
tests  |   ✓  78 [chrome] › src/tests/admin/user-profile.spec.ts › User profile › caso 1 (3.6s)
tests  |   ✓  79 [chrome] › src/tests/admin/user-profile.spec.ts › User profile › caso 2 (6.2s)
tests  |   -  80 [chrome] › src/tests/admin/user-profile.spec.ts › User profile › caso 3
tests  |   ✓  81 [chrome] › src/tests/admin/user-profile.spec.ts › User profile › caso 4 (5.0s)
tests  |   ✘  82 [chrome] › src/tests/admin/user-profile.spec.ts › User profile › caso 5 (1.7m)
tests  |   ✓  83 [chrome] › src/tests/admin/user-profile.spec.ts › User profile › caso 5 (4.4s)
tests  |   ✓  84 [chrome] › src/tests/admin/user.spec.ts › User › caso 1 (3.7s)
tests  |   ✓  85 [chrome] › src/tests/admin/user.spec.ts › User › caso 2 (3.9s)
tests  |   ✓  86 [chrome] › src/tests/admin/user.spec.ts › User › caso 3 (4.0s)
tests  |   -  87 [chrome] › src/tests/admin/user.spec.ts › User › caso 4
tests  |   ✓  88 [chrome] › src/tests/admin/user.spec.ts › User › caso 5 (9.2s)
tests  |   -  89 [chrome] › src/tests/admin/user.spec.ts › User › caso 6
tests  |   ✘  90 [chrome] › src/tests/admin/user.spec.ts › User › caso 7 (1.7m)
tests  |   ✓  91 [chrome] › src/tests/admin/user.spec.ts › User › caso 7 (11.5s)
tests  |   ✓  92 [chrome] › src/tests/admin/workflow-state-change.spec.ts › Workflow state change › caso 1 (19.9s)
tests  |   ✓  93 [chrome] › src/tests/admin/workflow-state.spec.ts › Workflow state › caso 1 (48.2s)
tests  |   ✓  94 [chrome] › src/tests/admin/workflow-state.spec.ts › Workflow state › caso 2 (41.0s)
tests  |   -  95 [chrome] › src/tests/admin/workflow-state.spec.ts › Workflow state › caso 3
