tests  |   -   1 [chrome] › src/tests/reporting/archive-projects/archive-projects-with-archived-license.spec.ts › Archive projects with archived license › caso 1
tests  |   -   2 [chrome] › src/tests/reporting/archive-projects/archive-projects-with-archived-license.spec.ts › Archive projects with archived license › caso 2
tests  |   -   3 [chrome] › src/tests/reporting/archive-projects/archive-projects-with-archived-license.spec.ts › Archive projects with archived license › caso 3
tests  |   -   4 [chrome] › src/tests/reporting/archive-projects/archive-projects-with-archived-license.spec.ts › Archive projects with archived license › caso 4
tests  |   -   5 [chrome] › src/tests/reporting/archive-projects/archive-projects-with-archived-license.spec.ts › Archive projects with archived license › caso 5
tests  |   -   6 [chrome] › src/tests/reporting/archive-projects/archive-projects-without-archived-license.spec.ts › Archive projects without archived license › caso 1
tests  |   -   7 [chrome] › src/tests/reporting/archive-projects/archive-projects-without-archived-license.spec.ts › Archive projects without archived license › caso 2
tests  |   -   8 [chrome] › src/tests/reporting/archive-projects/archive-projects-without-archived-license.spec.ts › Archive projects without archived license › caso 3
tests  |   -   9 [chrome] › src/tests/reporting/archive-projects/archive-projects-without-archived-license.spec.ts › Archive projects without archived license › caso 4
tests  |   -  10 [chrome] › src/tests/reporting/archive-projects/archive-projects-without-archived-license.spec.ts › Archive projects without archived license › caso 5
tests  |   -  11 [chrome] › src/tests/reporting/archive-projects/archive-projects-without-archived-license.spec.ts › Archive projects without archived license › caso 6
tests  |   -  12 [chrome] › src/tests/reporting/dashboard-cross-domain.spec.ts › Dashboard cross domain › caso 1
tests  |   -  13 [chrome] › src/tests/reporting/dashboard-cross-domain.spec.ts › Dashboard cross domain › caso 2
tests  |   -  14 [chrome] › src/tests/reporting/dashboard-cross-domain.spec.ts › Dashboard cross domain › caso 3
tests  |   -  15 [chrome] › src/tests/reporting/dashboard-cross-domain.spec.ts › Dashboard cross domain › caso 4
tests  |   ✓  16 [chrome] › src/tests/reporting/dashboard-cross-domain.spec.ts › Dashboard cross domain › caso 5 (25.7s)
tests  |   ✓  17 [chrome] › src/tests/reporting/dashboard-empty.spec.ts › Dashboard empty › caso 1 (3.2s)
tests  |   ✓  18 [chrome] › src/tests/reporting/dashboard-empty.spec.ts › Dashboard empty › caso 2 (4.9s)
tests  |   ✓  19 [chrome] › src/tests/reporting/dashboard-empty.spec.ts › Dashboard empty › caso 3 (22.6s)
tests  |   ✓  20 [chrome] › src/tests/reporting/dashboard.spec.ts › Dashboard › caso 1 (8.3s)
tests  |   ✓  21 [chrome] › src/tests/reporting/dashboard.spec.ts › Dashboard › caso 2 (10.9s)
tests  |   ✓  22 [chrome] › src/tests/reporting/dashboard.spec.ts › Dashboard › caso 3 (8.3s)
tests  |   ✓  23 [chrome] › src/tests/reporting/dashboard.spec.ts › Dashboard › caso 4 (8.3s)
tests  |   ✓  24 [chrome] › src/tests/reporting/dashboard.spec.ts › Dashboard › caso 5 (9.7s)
tests  |   ✓  25 [chrome] › src/tests/reporting/dashboard.spec.ts › Dashboard › caso 6 (11.0s)
tests  |   ✓  26 [chrome] › src/tests/reporting/dashboard.spec.ts › Dashboard › caso 7 (11.3s)
tests  |   ✓  27 [chrome] › src/tests/reporting/dashboard.spec.ts › Dashboard › caso 8 (11.1s)
tests  |   ✓  28 [chrome] › src/tests/reporting/dashboard.spec.ts › Dashboard › caso 9 (10.0s)
tests  |   ✓  29 [chrome] › src/tests/reporting/dashboard.spec.ts › Dashboard › caso 10 (9.6s)
tests  |   ✓  30 [chrome] › src/tests/reporting/dashboard.spec.ts › Dashboard › caso 11 (9.0s)
tests  |   ✓  31 [chrome] › src/tests/reporting/dashboard.spec.ts › Dashboard › caso 12 (9.4s)
tests  |   ✓  32 [chrome] › src/tests/reporting/dashboard.spec.ts › Dashboard › caso 13 (9.5s)
tests  |   ✓  33 [chrome] › src/tests/reporting/dashboard.spec.ts › Dashboard › caso 14 (9.0s)
tests  |   ✓  34 [chrome] › src/tests/reporting/project-dashboard.spec.ts › Project dashboard › caso 1 (7.4s)
tests  |   ✓  35 [chrome] › src/tests/reporting/project-list.spec.ts › Project list › caso 1 (3.7s)
tests  |   ✓  36 [chrome] › src/tests/reporting/project-list.spec.ts › Project list › caso 2 (3.9s)
tests  |   ✓  37 [chrome] › src/tests/reporting/project-list.spec.ts › Project list › caso 3 (9.3s)
tests  |   ✓  38 [chrome] › src/tests/reporting/project-list.spec.ts › Project list › caso 4 (4.2s)
tests  |   ✓  39 [chrome] › src/tests/reporting/reports-generation.spec.ts › Reports generation › caso 1 (22.1s)
tests  |   ✓  40 [chrome] › src/tests/reporting/reports-generation.spec.ts › Reports generation › caso 2 (21.7s)
tests  |   ✓  41 [chrome] › src/tests/reporting/reports-generation.spec.ts › Reports generation › caso 3 (23.2s)
tests  |   ✓  42 [chrome] › src/tests/reporting/reports-generation.spec.ts › Reports generation › caso 4 (22.3s)
tests  |   ✓  43 [chrome] › src/tests/reporting/reports-generation.spec.ts › Reports generation › caso 5 (22.2s)
tests  |   ✓  44 [chrome] › src/tests/reporting/reports-generation.spec.ts › Reports generation › caso 6 (22.0s)
tests  |   ✓  45 [chrome] › src/tests/reporting/reports-generation.spec.ts › Reports generation › caso 7 (21.8s)
tests  |   ✓  46 [chrome] › src/tests/reporting/reports-generation.spec.ts › Reports generation › caso 8 (25.6s)
tests  |   ✓  47 [chrome] › src/tests/reporting/reports-generation.spec.ts › Reports generation › caso 9 (22.3s)
tests  |   ✓  48 [chrome] › src/tests/reporting/reports-generation.spec.ts › Reports generation › caso 10 (23.1s)
tests  |   ✓  49 [chrome] › src/tests/reporting/reports-generation.spec.ts › Reports generation › caso 11 (22.4s)
tests  |   ✓  50 [chrome] › src/tests/reporting/reports-generation.spec.ts › Reports generation › caso 12 (21.9s)
tests  |   ✓  51 [chrome] › src/tests/reporting/reports-generation.spec.ts › Reports generation › caso 13 (22.0s)
tests  |   ✓  52 [chrome] › src/tests/reporting/reports-generation.spec.ts › Reports generation › caso 14 (23.8s)
tests  |   ✓  53 [chrome] › src/tests/reporting/reports-generation.spec.ts › Reports generation › caso 15 (26.3s)
tests  |   ✓  54 [chrome] › src/tests/reporting/reports-generation.spec.ts › Reports generation › caso 16 (22.1s)
tests  |   -  55 [chrome] › src/tests/reporting/reports-generation.spec.ts › Reports generation › caso 17
tests  |   ✓  56 [chrome] › src/tests/reporting/reports-workflows.spec.ts › Reports workflows › caso 1 (38.1s)
tests  |   ✓  57 [chrome] › src/tests/reporting/reports-workflows.spec.ts › Reports workflows › caso 2 (37.1s)
tests  |   ✓  58 [chrome] › src/tests/reporting/templates-dashboard.spec.ts › Templates dashboard › caso 1 (9.7s)
tests  |   ✓  59 [chrome] › src/tests/reporting/templates-dashboard.spec.ts › Templates dashboard › caso 2 (9.7s)
