tests  |   -   1 [chrome] › src/tests/projects-1/archive-projects/archive-projects-with-archived-license.spec.ts › Archive projects with archived license › caso 1
tests  |   -   2 [chrome] › src/tests/projects-1/archive-projects/archive-projects-with-archived-license.spec.ts › Archive projects with archived license › caso 2
tests  |   -   3 [chrome] › src/tests/projects-1/archive-projects/archive-projects-with-archived-license.spec.ts › Archive projects with archived license › caso 3
tests  |   -   4 [chrome] › src/tests/projects-1/archive-projects/archive-projects-with-archived-license.spec.ts › Archive projects with archived license › caso 4
tests  |   -   5 [chrome] › src/tests/projects-1/archive-projects/archive-projects-with-archived-license.spec.ts › Archive projects with archived license › caso 5
tests  |   ✓   6 [chrome] › src/tests/projects-1/business-unit.spec.ts › Business unit › caso 1 (9.8s)
tests  |   ✓   7 [chrome] › src/tests/projects-1/business-unit.spec.ts › Business unit › caso 2 (14.4s)
tests  |   ✓   8 [chrome] › src/tests/projects-1/business-unit.spec.ts › Business unit › caso 3 (4.5s)
tests  |   ✘   9 [chrome] › src/tests/projects-1/business-unit.spec.ts › Business unit › caso 4 (1.7m)
tests  |   ✓  10 [chrome] › src/tests/projects-1/business-unit.spec.ts › Business unit › caso 4 (9.7s)
tests  |   ✓  11 [chrome] › src/tests/projects-1/business-unit.spec.ts › Business unit › caso 5 (3.1s)
tests  |   ✓  12 [chrome] › src/tests/projects-1/tag-patterns.spec.ts › Tag patterns › caso 1 (3.3s)
tests  |   ✘  13 [chrome] › src/tests/projects-1/tag-patterns.spec.ts › Tag patterns › caso 2 (1.7m)
tests  |   ✓  14 [chrome] › src/tests/projects-1/tag-patterns.spec.ts › Tag patterns › caso 2 (4.6s)
tests  |   ✓  15 [chrome] › src/tests/projects-1/tag-patterns.spec.ts › Tag patterns › caso 3 (7.1s)
tests  |   ✓  16 [chrome] › src/tests/projects-1/tag-patterns.spec.ts › Tag patterns › caso 4 (8.3s)
tests  |   ✓  17 [chrome] › src/tests/projects-1/tag-patterns.spec.ts › Tag patterns › caso 5 (11.7s)
tests  |   ✓  18 [chrome] › src/tests/projects-1/tag-patterns.spec.ts › Tag patterns › caso 6 (7.6s)
tests  |   ✓  19 [chrome] › src/tests/projects-1/record-classification.spec.ts › Record classification › caso 1 (5.2s)
tests  |   ✓  20 [chrome] › src/tests/projects-1/record-classification.spec.ts › Record classification › caso 2 (5.1s)
tests  |   ✓  21 [chrome] › src/tests/projects-1/record-classification.spec.ts › Record classification › caso 3 (5.1s)
tests  |   ✓  22 [chrome] › src/tests/projects-1/record-classification.spec.ts › Record classification › caso 4 (3.9s)
tests  |   ✓  23 [chrome] › src/tests/projects-1/record-classification.spec.ts › Record classification › caso 5 (3.9s)
tests  |   ✓  24 [chrome] › src/tests/projects-1/record-classification.spec.ts › Record classification › caso 6 (3.8s)
tests  |   ✓  25 [chrome] › src/tests/projects-1/record-classification.spec.ts › Record classification › caso 7 (4.1s)
tests  |   ✓  26 [chrome] › src/tests/projects-1/record-classification.spec.ts › Record classification › caso 8 (3.8s)
tests  |   ✓  27 [chrome] › src/tests/projects-1/record-classification.spec.ts › Record classification › caso 9 (3.5s)
tests  |   ✓  28 [chrome] › src/tests/projects-1/record-classification.spec.ts › Record classification › caso 10 (4.1s)
tests  |   ✓  29 [chrome] › src/tests/projects-1/record-classification.spec.ts › Record classification › caso 11 (3.2s)
tests  |   ✓  30 [chrome] › src/tests/projects-1/record-classification.spec.ts › Record classification › caso 12 (7.0s)
tests  |   ✓  31 [chrome] › src/tests/projects-1/record-classification.spec.ts › Record classification › caso 13 (6.4s)
tests  |   ✓  32 [chrome] › src/tests/projects-1/record-classification.spec.ts › Record classification › caso 14 (6.8s)
tests  |   ✓  33 [chrome] › src/tests/projects-1/record-classification.spec.ts › Record classification › caso 15 (5.7s)
tests  |   ✓  34 [chrome] › src/tests/projects-1/record-classification.spec.ts › Record classification › caso 16 (4.7s)
tests  |   ✓  35 [chrome] › src/tests/projects-1/record-classification.spec.ts › Record classification › caso 17 (5.0s)
tests  |   ✓  36 [chrome] › src/tests/projects-1/scenario.spec.ts › Scenario › caso 1 (3.6s)
tests  |   ✘  37 [chrome] › src/tests/projects-1/scenario.spec.ts › Scenario › caso 2 (1.7m)
tests  |   ✓  38 [chrome] › src/tests/projects-1/scenario.spec.ts › Scenario › caso 2 (5.9s)
tests  |   ✓  39 [chrome] › src/tests/projects-1/scenario.spec.ts › Scenario › caso 3 (6.1s)
tests  |   ✓  40 [chrome] › src/tests/projects-1/scenario.spec.ts › Scenario › caso 4 (7.9s)
tests  |   ✓  41 [chrome] › src/tests/projects-1/user.spec.ts › User › caso 1 (4.5s)
tests  |   ✓  42 [chrome] › src/tests/projects-1/user.spec.ts › User › caso 2 (3.6s)
tests  |   ✓  43 [chrome] › src/tests/projects-1/user.spec.ts › User › caso 3 (5.4s)
tests  |   -  44 [chrome] › src/tests/projects-1/user.spec.ts › User › caso 4
tests  |   ✓  45 [chrome] › src/tests/projects-1/user.spec.ts › User › caso 5 (12.3s)
tests  |   -  46 [chrome] › src/tests/projects-1/user.spec.ts › User › caso 6
tests  |   ✘  47 [chrome] › src/tests/projects-1/user.spec.ts › User › caso 7 (1.7m)
tests  |   ✓  48 [chrome] › src/tests/projects-1/user.spec.ts › User › caso 7 (11.5s)
